\BOOKMARK [0][-]{chapter.1}{\376\377\000a\000u\000t\000h\000o\000r\000:}{}% 1
\BOOKMARK [0][-]{chapter.2}{\376\377\000L\000I\000C\000E\000N\000S\000E\000:}{}% 2
\BOOKMARK [0][-]{chapter.3}{\376\377\000Z\000e\000p\000h\000y\000r\000\040\000f\000o\000r\000\040\000t\000h\000e\000\040\000d\000s\000-\000d\0006\000\040\000s\000m\000a\000r\000t\000w\000a\000t\000c\000h}{}% 3
\BOOKMARK [0][-]{chapter.4}{\376\377\000I\000n\000s\000t\000a\000l\000l\000\040\000z\000e\000p\000h\000y\000r}{}% 4
\BOOKMARK [0][-]{chapter.5}{\376\377\000O\000n\000\040\000t\000h\000e\000\040\000s\000u\000b\000j\000e\000c\000t\000\040\000o\000f\000\040\000U\000A\000R\000T}{}% 5
\BOOKMARK [1][-]{section.5.1}{\376\377\000r\000e\000a\000d\000\040\000a\000n\000d\000\040\000l\000e\000a\000r\000n}{chapter.5}% 6
\BOOKMARK [0][-]{chapter.6}{\376\377\000T\000h\000e\000\040\000b\000l\000a\000c\000k\000\040\000m\000a\000g\000i\000c\000\040\000p\000r\000o\000b\000e}{}% 7
\BOOKMARK [1][-]{section.6.1}{\376\377\000p\000r\000o\000b\000e\000s\000\040\000i\000n\000\040\000z\000e\000p\000h\000y\000r}{chapter.6}% 8
\BOOKMARK [1][-]{section.6.2}{\376\377\000h\000o\000w\000t\000o\000\040\000s\000e\000t\000u\000p\000\040\000a\000\040\000b\000l\000a\000c\000k\000m\000a\000g\000i\000c\000p\000r\000o\000b\000e}{chapter.6}% 9
\BOOKMARK [0][-]{chapter.7}{\376\377\000S\000t\000a\000r\000t\000i\000n\000g\000\040\000w\000i\000t\000h\000\040\000s\000o\000m\000e\000\040\000b\000a\000s\000i\000c\000\040\000a\000p\000p\000l\000i\000c\000a\000t\000i\000o\000n\000s}{}% 10
\BOOKMARK [1][-]{section.7.1}{\376\377\000B\000l\000i\000n\000k\000y\000\040\000e\000x\000a\000m\000p\000l\000e}{chapter.7}% 11
\BOOKMARK [0][-]{chapter.8}{\376\377\000b\000l\000u\000e\000t\000o\000o\000t\000h\000\040\000\050\000B\000L\000E\000\051\000\040\000e\000x\000a\000m\000p\000l\000e}{}% 12
\BOOKMARK [1][-]{section.8.1}{\376\377\000U\000s\000i\000n\000g\000\040\000t\000h\000e\000\040\000c\000r\000e\000a\000t\000e\000d\000\040\000b\000l\000u\000e\000t\000o\000o\000t\000h\000\040\000s\000a\000m\000p\000l\000e\000:}{chapter.8}% 13
\BOOKMARK [1][-]{section.8.2}{\376\377\000B\000l\000e\000\040\000P\000e\000r\000i\000p\000h\000e\000r\000a\000l}{chapter.8}% 14
\BOOKMARK [1][-]{section.8.3}{\376\377\000u\000s\000i\000n\000g\000\040\000P\000y\000t\000h\000o\000n\000\040\000t\000o\000\040\000r\000e\000a\000d\000\040\000o\000u\000t\000\040\000b\000l\000u\000e\000t\000o\000o\000t\000h\000s\000e\000r\000v\000i\000c\000e\000s}{chapter.8}% 15
\BOOKMARK [0][-]{chapter.9}{\376\377\000d\000i\000s\000p\000l\000a\000y\000\040\000\050\000s\000s\000d\0001\0003\0000\0006\000\051}{}% 16
\BOOKMARK [1][-]{section.9.1}{\376\377\000D\000i\000s\000p\000l\000a\000y\000\040\000e\000x\000a\000m\000p\000l\000e}{chapter.9}% 17
\BOOKMARK [0][-]{chapter.10}{\376\377\000L\000i\000t\000t\000l\000e\000v\000G\000L\000\040\000B\000a\000s\000i\000c\000\040\000S\000a\000m\000p\000l\000e}{}% 18
\BOOKMARK [1][-]{section.10.1}{\376\377\000O\000v\000e\000r\000v\000i\000e\000w}{chapter.10}% 19
\BOOKMARK [1][-]{section.10.2}{\376\377\000T\000o\000d\000o}{chapter.10}% 20
\BOOKMARK [1][-]{section.10.3}{\376\377\000R\000e\000f\000e\000r\000e\000n\000c\000e\000s}{chapter.10}% 21
\BOOKMARK [0][-]{chapter.11}{\376\377\000C\000u\000r\000r\000e\000n\000t\000\040\000T\000i\000m\000e\000\040\000S\000e\000r\000v\000i\000c\000e}{}% 22
\BOOKMARK [1][-]{section.11.1}{\376\377\000R\000e\000q\000u\000i\000r\000e\000m\000e\000n\000t\000s\000:}{chapter.11}% 23
\BOOKMARK [1][-]{section.11.2}{\376\377\000B\000L\000E\000\040\000P\000e\000r\000i\000p\000h\000e\000r\000a\000l\000\040\000C\000T\000S\000\040\000s\000a\000m\000p\000l\000e\000\040\000f\000o\000r\000\040\000z\000e\000p\000h\000y\000r}{chapter.11}% 24
\BOOKMARK [1][-]{section.11.3}{\376\377\000U\000s\000i\000n\000g\000\040\000b\000l\000u\000e\000z\000\040\000o\000n\000\040\000l\000i\000n\000u\000x\000\040\000t\000o\000\040\000c\000o\000n\000n\000e\000c\000t}{chapter.11}% 25
\BOOKMARK [1][-]{section.11.4}{\376\377\000H\000o\000w\000t\000o\000\040\000u\000s\000e\000\040\000B\000l\000u\000e\000z\000\040\000o\000n\000\040\000l\000i\000n\000u\000x\000\040\000t\000o\000\040\000s\000e\000t\000\040\000u\000p\000\040\000a\000\040\000t\000i\000m\000e\000\040\000s\000e\000r\000v\000i\000c\000e}{chapter.11}% 26
\BOOKMARK [1][-]{section.11.5}{\376\377\000H\000o\000w\000t\000o\000\040\000u\000s\000e\000\040\000A\000n\000d\000r\000o\000i\000d\000\040\000t\000o\000\040\000s\000e\000t\000\040\000u\000p\000\040\000a\000\040\000t\000i\000m\000e\000\040\000s\000e\000r\000v\000i\000c\000e}{chapter.11}% 27
\BOOKMARK [0][-]{chapter.12}{\376\377\000F\000i\000r\000m\000w\000a\000r\000e\000\040\000O\000v\000e\000r\000\040\000T\000h\000e\000\040\000A\000i\000r\000\040\000\050\000F\000O\000T\000A\000\051}{}% 28
\BOOKMARK [1][-]{section.12.1}{\376\377\000S\000e\000r\000i\000a\000l\000\040\000D\000e\000v\000i\000c\000e\000\040\000F\000i\000r\000m\000w\000a\000r\000e\000\040\000U\000p\000g\000r\000a\000d\000e}{chapter.12}% 29
\BOOKMARK [1][-]{section.12.2}{\376\377\000W\000i\000r\000e\000l\000e\000s\000s\000\040\000D\000e\000v\000i\000c\000e\000\040\000F\000i\000r\000m\000w\000a\000r\000e\000\040\000U\000p\000g\000r\000a\000d\000e}{chapter.12}% 30
\BOOKMARK [1][-]{section.12.3}{\376\377\000M\000C\000U\000b\000o\000o\000t\000\040\000w\000i\000t\000h\000\040\000z\000e\000p\000h\000y\000r}{chapter.12}% 31
\BOOKMARK [1][-]{section.12.4}{\376\377\000P\000a\000r\000t\000i\000t\000i\000o\000n\000s}{chapter.12}% 32
\BOOKMARK [1][-]{section.12.5}{\376\377\000S\000i\000g\000n\000i\000n\000g\000\040\000a\000n\000\040\000a\000p\000p\000l\000i\000c\000a\000t\000i\000o\000n}{chapter.12}% 33
\BOOKMARK [1][-]{section.12.6}{\376\377\000S\000M\000P\000\040\000S\000e\000r\000v\000e\000r\000\040\000S\000a\000m\000p\000l\000e}{chapter.12}% 34
\BOOKMARK [0][-]{chapter.13}{\376\377\000S\000a\000m\000p\000l\000e\000s\000\040\000a\000n\000d\000\040\000D\000e\000m\000o\000s}{}% 35
\BOOKMARK [1][-]{section.13.1}{\376\377\000C\000h\000a\000r\000a\000c\000t\000e\000r\000\040\000f\000r\000a\000m\000e\000\040\000b\000u\000f\000f\000e\000r}{chapter.13}% 36
\BOOKMARK [1][-]{section.13.2}{\376\377\000B\000l\000u\000e\000t\000o\000o\000t\000h\000:\000\040\000P\000e\000r\000i\000p\000h\000e\000r\000a\000l\000\040\000U\000A\000R\000T}{chapter.13}% 37
\BOOKMARK [1][-]{section.13.3}{\376\377\000T\000O\000D\000O}{chapter.13}% 38
\BOOKMARK [1][-]{section.13.4}{\376\377\000B\000l\000u\000e\000t\000o\000o\000t\000h\000:\000\040\000N\000U\000S\000\040\000s\000h\000e\000l\000l\000\040\000t\000r\000a\000n\000s\000p\000o\000r\000t}{chapter.13}% 39
\BOOKMARK [1][-]{section.13.5}{\376\377\000T\000O\000D\000O}{chapter.13}% 40
\BOOKMARK [0][-]{chapter.14}{\376\377\000M\000e\000n\000u\000c\000o\000n\000f\000i\000g}{}% 41
\BOOKMARK [1][-]{section.14.1}{\376\377\000Z\000e\000p\000h\000y\000r\000\040\000i\000s\000\040\000l\000i\000k\000e\000\040\000l\000i\000n\000u\000x}{chapter.14}% 42
\BOOKMARK [0][-]{chapter.15}{\376\377\000H\000a\000c\000k\000i\000n\000g\000\040\000s\000t\000u\000f\000f}{}% 43
\BOOKMARK [1][-]{section.15.1}{\376\377\000d\000e\000b\000u\000g\000g\000i\000n\000g\000\040\000t\000h\000e\000\040\000d\000s\000-\000d\0006\000\040\000s\000m\000a\000r\000t\000w\000a\000t\000c\000h}{chapter.15}% 44
\BOOKMARK [1][-]{section.15.2}{\376\377\000h\000o\000w\000t\000o\000\040\000g\000e\000n\000e\000r\000a\000t\000e\000\040\000p\000d\000f\000\040\000d\000o\000c\000u\000m\000e\000n\000t\000s}{chapter.15}% 45
\BOOKMARK [0][-]{chapter.16}{\376\377\000A\000b\000o\000u\000t}{}% 46
\BOOKMARK [1][-]{section.16.1}{\376\377\000W\000h\000a\000t\000\040\000i\000s\000\040\000a\000l\000r\000e\000a\000d\000y\000\040\000w\000o\000r\000k\000i\000n\000g\000\040\000:}{chapter.16}% 47
